<?xml version="1.0" encoding="UTF-8"?>
<!-- Generated by org.testng.reporters.JUnitReportReporter -->
<testsuite hostname="Rahul-Dell-PC" name="testClasses.UserRegisterationDummy" tests="1" failures="0" timestamp="16 Feb 2020 20:36:23 GMT" time="40.200" errors="0">
  <testcase name="registratonPage" time="40.200" classname="testClasses.UserRegisterationDummy"/>
</testsuite> <!-- testClasses.UserRegisterationDummy -->
