<?xml version="1.0" encoding="UTF-8"?>
<!-- Generated by org.testng.reporters.JUnitReportReporter -->
<testsuite hostname="Rahul-Dell-PC" name="testClasses.FindBrokenLink" tests="1" failures="0" timestamp="1 Mar 2020 00:04:44 GMT" time="202.443" errors="0">
  <testcase name="findLinks" time="202.443" classname="testClasses.FindBrokenLink"/>
</testsuite> <!-- testClasses.FindBrokenLink -->
