<?xml version="1.0" encoding="UTF-8"?>
<!-- Generated by org.testng.reporters.JUnitReportReporter -->
<testsuite hostname="Rahul-Dell-PC" name="testClasses.PrintDataFromTable" tests="1" failures="0" timestamp="17 Mar 2020 01:46:32 GMT" time="12.235" errors="0">
  <testcase name="tableData" time="12.235" classname="testClasses.PrintDataFromTable"/>
</testsuite> <!-- testClasses.PrintDataFromTable -->
