<?xml version="1.0" encoding="UTF-8"?>
<!-- Generated by org.testng.reporters.JUnitReportReporter -->
<testsuite hostname="Rahul-Dell-PC" name="testClasses.GetAllPageLinks" tests="1" failures="0" timestamp="22 Feb 2020 03:40:41 GMT" time="13.192" errors="0">
  <testcase name="pageLinks" time="13.192" classname="testClasses.GetAllPageLinks"/>
</testsuite> <!-- testClasses.GetAllPageLinks -->
