<?xml version="1.0" encoding="UTF-8"?>
<!-- Generated by org.testng.reporters.JUnitReportReporter -->
<testsuite hostname="Rahul-Dell-PC" name="testClasses.AutomateGoogleSearch" tests="1" failures="0" timestamp="17 Feb 2020 03:00:52 GMT" time="65.856" errors="0">
  <testcase name="googleSearch" time="65.856" classname="testClasses.AutomateGoogleSearch"/>
</testsuite> <!-- testClasses.AutomateGoogleSearch -->
