<?xml version="1.0" encoding="UTF-8"?>
<!-- Generated by org.testng.reporters.JUnitReportReporter -->
<testsuite hostname="Rahul-Dell-PC" name="testClasses.DataProviderDetails" tests="3" failures="0" timestamp="14 Mar 2020 00:44:44 GMT" time="0.016" errors="0">
  <testcase name="getLoginData" time="0.007" classname="testClasses.DataProviderDetails"/>
  <testcase name="getLoginData" time="0.003" classname="testClasses.DataProviderDetails"/>
  <testcase name="getLoginData" time="0.006" classname="testClasses.DataProviderDetails"/>
</testsuite> <!-- testClasses.DataProviderDetails -->
