<?xml version="1.0" encoding="UTF-8"?>
<!-- Generated by org.testng.reporters.JUnitReportReporter -->
<testsuite hostname="Rahul-Dell-PC" name="testClasses.BuyProduct" tests="1" failures="0" timestamp="21 Feb 2020 00:03:30 GMT" time="38.842" errors="0">
  <testcase name="buyProduct" time="38.842" classname="testClasses.BuyProduct"/>
</testsuite> <!-- testClasses.BuyProduct -->
