<?xml version="1.0" encoding="UTF-8"?>
<!-- Generated by org.testng.reporters.JUnitReportReporter -->
<testsuite hostname="Rahul-Dell-PC" name="testClasses.AutomateInfoForm" tests="1" failures="0" timestamp="14 Feb 2020 03:49:55 GMT" time="48.976" errors="0">
  <testcase name="automateForm" time="48.976" classname="testClasses.AutomateInfoForm"/>
</testsuite> <!-- testClasses.AutomateInfoForm -->
