<?xml version="1.0" encoding="UTF-8"?>
<!-- Generated by org.testng.reporters.JUnitReportReporter -->
<testsuite hostname="Rahul-Dell-PC" name="testClasses.SearchProduct" tests="1" failures="0" timestamp="17 Feb 2020 20:28:08 GMT" time="16.433" errors="0">
  <testcase name="searchProduct" time="16.433" classname="testClasses.SearchProduct"/>
</testsuite> <!-- testClasses.SearchProduct -->
